<?xml version="1.0" encoding="UTF-8"?>
<!-- Generated by org.testng.reporters.JUnitXMLReporter -->
<testsuite hostname="Ramakrishna" name="Default test" tests="2" failures="0" timestamp="27 Apr 2020 03:26:09 GMT" time="3.883" errors="0">
  <testcase name="createNewDeckOfCardsWithJoker" time="2.805" classname="com.deckofcardsapi.tests.DeckOfCardsApiTests"/>
  <testcase name="drawTwoCardsFromDeckWithJoker" time="0.473" classname="com.deckofcardsapi.tests.DeckOfCardsApiTests"/>
</testsuite> <!-- Default test -->
