<?xml version="1.0" encoding="UTF-8"?>
<!-- Generated by org.testng.reporters.JUnitXMLReporter -->
<testsuite hostname="Ramakrishna" name="DeckOfCardsApiTests" tests="6" failures="0" timestamp="27 Apr 2020 03:34:18 GMT" time="6.315" errors="0">
  <testcase name="createNewDeckOfCardsWithJoker" time="3.537" classname="com.deckofcardsapi.tests.DeckOfCardsApiTests"/>
  <testcase name="createNewDeckOfCardsWithoutJoker" time="0.318" classname="com.deckofcardsapi.tests.DeckOfCardsApiTests"/>
  <testcase name="drawTwoCardsFromDeckWithJoker" time="0.445" classname="com.deckofcardsapi.tests.DeckOfCardsApiTests"/>
  <testcase name="drawFourCardsFromDeckWithoutJoker" time="0.419" classname="com.deckofcardsapi.tests.DeckOfCardsApiTests"/>
  <testcase name="drawNoCardsFromDeckWithJoker" time="0.46" classname="com.deckofcardsapi.tests.DeckOfCardsApiTests"/>
  <testcase name="drawFiveCardsFromDeckWithJoker" time="0.386" classname="com.deckofcardsapi.tests.DeckOfCardsApiTests"/>
</testsuite> <!-- DeckOfCardsApiTests -->
