<?xml version="1.0" encoding="UTF-8"?>
<testng-results skipped="0" failed="0" total="6" passed="6">
  <reporter-output>
  </reporter-output>
  <suite name="Suite" duration-ms="6315" started-at="2020-04-27T03:34:11Z" finished-at="2020-04-27T03:34:18Z">
    <groups>
    </groups>
    <test name="DeckOfCardsApiTests" duration-ms="6315" started-at="2020-04-27T03:34:11Z" finished-at="2020-04-27T03:34:18Z">
      <class name="com.deckofcardsapi.tests.DeckOfCardsApiTests">
        <test-method status="PASS" signature="getBaseUri()[pri:0, instance:com.deckofcardsapi.tests.DeckOfCardsApiTests@573f2bb1]" name="getBaseUri" is-config="true" duration-ms="709" started-at="2020-04-26T20:34:11Z" finished-at="2020-04-26T20:34:12Z">
          <reporter-output>
          </reporter-output>
        </test-method> <!-- getBaseUri -->
        <test-method status="PASS" signature="createNewDeckOfCardsWithJoker()[pri:0, instance:com.deckofcardsapi.tests.DeckOfCardsApiTests@573f2bb1]" name="createNewDeckOfCardsWithJoker" duration-ms="3537" started-at="2020-04-26T20:34:12Z" finished-at="2020-04-26T20:34:16Z">
          <reporter-output>
          </reporter-output>
        </test-method> <!-- createNewDeckOfCardsWithJoker -->
        <test-method status="PASS" signature="createNewDeckOfCardsWithoutJoker()[pri:0, instance:com.deckofcardsapi.tests.DeckOfCardsApiTests@573f2bb1]" name="createNewDeckOfCardsWithoutJoker" duration-ms="318" started-at="2020-04-26T20:34:16Z" finished-at="2020-04-26T20:34:16Z">
          <reporter-output>
          </reporter-output>
        </test-method> <!-- createNewDeckOfCardsWithoutJoker -->
        <test-method status="PASS" signature="drawTwoCardsFromDeckWithJoker()[pri:0, instance:com.deckofcardsapi.tests.DeckOfCardsApiTests@573f2bb1]" name="drawTwoCardsFromDeckWithJoker" duration-ms="445" started-at="2020-04-26T20:34:16Z" depends-on-methods="com.deckofcardsapi.tests.DeckOfCardsApiTests.createNewDeckOfCardsWithJoker" finished-at="2020-04-26T20:34:16Z">
          <reporter-output>
          </reporter-output>
        </test-method> <!-- drawTwoCardsFromDeckWithJoker -->
        <test-method status="PASS" signature="drawFourCardsFromDeckWithoutJoker()[pri:0, instance:com.deckofcardsapi.tests.DeckOfCardsApiTests@573f2bb1]" name="drawFourCardsFromDeckWithoutJoker" duration-ms="419" started-at="2020-04-26T20:34:16Z" depends-on-methods="com.deckofcardsapi.tests.DeckOfCardsApiTests.createNewDeckOfCardsWithoutJoker" finished-at="2020-04-26T20:34:17Z">
          <reporter-output>
          </reporter-output>
        </test-method> <!-- drawFourCardsFromDeckWithoutJoker -->
        <test-method status="PASS" signature="drawNoCardsFromDeckWithJoker()[pri:0, instance:com.deckofcardsapi.tests.DeckOfCardsApiTests@573f2bb1]" name="drawNoCardsFromDeckWithJoker" duration-ms="460" started-at="2020-04-26T20:34:17Z" depends-on-methods="com.deckofcardsapi.tests.DeckOfCardsApiTests.createNewDeckOfCardsWithJoker" finished-at="2020-04-26T20:34:17Z">
          <reporter-output>
          </reporter-output>
        </test-method> <!-- drawNoCardsFromDeckWithJoker -->
        <test-method status="PASS" signature="drawFiveCardsFromDeckWithJoker()[pri:0, instance:com.deckofcardsapi.tests.DeckOfCardsApiTests@573f2bb1]" name="drawFiveCardsFromDeckWithJoker" duration-ms="386" started-at="2020-04-26T20:34:17Z" depends-on-methods="com.deckofcardsapi.tests.DeckOfCardsApiTests.createNewDeckOfCardsWithoutJoker" finished-at="2020-04-26T20:34:18Z">
          <reporter-output>
          </reporter-output>
        </test-method> <!-- drawFiveCardsFromDeckWithJoker -->
      </class> <!-- com.deckofcardsapi.tests.DeckOfCardsApiTests -->
    </test> <!-- DeckOfCardsApiTests -->
  </suite> <!-- Suite -->
</testng-results>
